{
  "RSpec": {
    "coverage": {
      "/Users/zoekavanagh/Projects/make_my_day_app/app/helpers/application_helper.rb": [
        1,
        null
      ],
      "/Users/zoekavanagh/Projects/make_my_day_app/app/helpers/groups_helper.rb": [
        1,
        null
      ],
      "/Users/zoekavanagh/Projects/make_my_day_app/app/helpers/posts_helper.rb": [
        1,
        null
      ],
      "/Users/zoekavanagh/Projects/make_my_day_app/app/helpers/sessions_helper.rb": [
        1,
        null
      ],
      "/Users/zoekavanagh/Projects/make_my_day_app/app/helpers/users_helper.rb": [
        1,
        null
      ],
      "/Users/zoekavanagh/Projects/make_my_day_app/app/helpers/welcome_helper.rb": [
        1,
        null
      ],
      "/Users/zoekavanagh/Projects/make_my_day_app/app/controllers/groups_controller.rb": [
        1,
        1,
        7,
        7,
        null,
        null,
        1,
        6,
        6,
        12,
        null,
        null,
        null,
        null,
        6,
        null,
        null,
        1,
        6,
        6,
        6,
        null,
        null,
        1,
        null,
        1,
        6,
        null,
        null
      ],
      "/Users/zoekavanagh/Projects/make_my_day_app/app/controllers/application_controller.rb": [
        1,
        1,
        1,
        null,
        1,
        51,
        null,
        null
      ],
      "/Users/zoekavanagh/Projects/make_my_day_app/app/controllers/mmd_controller.rb": [
        1,
        1,
        null,
        1,
        null,
        1,
        11,
        null,
        null,
        null,
        null,
        null,
        null,
        null
      ],
      "/Users/zoekavanagh/Projects/make_my_day_app/app/controllers/posts_controller.rb": [
        1,
        1,
        null,
        null,
        1,
        2,
        2,
        2,
        2,
        2,
        null,
        null,
        1,
        null,
        1,
        2,
        null,
        null
      ],
      "/Users/zoekavanagh/Projects/make_my_day_app/app/controllers/sessions_controller.rb": [
        1,
        1,
        1,
        1,
        1,
        null,
        null,
        1,
        1,
        1,
        null,
        null
      ],
      "/Users/zoekavanagh/Projects/make_my_day_app/app/models/api_request.rb": [
        1,
        1,
        11,
        11,
        11,
        11,
        null,
        null
      ],
      "/Users/zoekavanagh/Projects/make_my_day_app/app/models/application_record.rb": [
        1,
        1,
        null
      ],
      "/Users/zoekavanagh/Projects/make_my_day_app/app/models/group.rb": [
        1,
        1,
        1,
        null
      ],
      "/Users/zoekavanagh/Projects/make_my_day_app/app/models/group_user.rb": [
        1,
        1,
        1,
        null
      ],
      "/Users/zoekavanagh/Projects/make_my_day_app/app/models/post.rb": [
        1,
        1,
        1,
        null
      ],
      "/Users/zoekavanagh/Projects/make_my_day_app/app/models/user.rb": [
        1,
        1,
        1,
        null,
        1,
        2,
        2,
        2,
        2,
        2,
        2,
        2,
        null,
        null,
        null
      ]
    },
    "timestamp": 1530611174
  }
}
