{
  "RSpec": {
    "coverage": {
      "/Users/zoekavanagh/Projects/make_my_day_app/app/helpers/application_helper.rb": [
        1,
        null
      ],
      "/Users/zoekavanagh/Projects/make_my_day_app/app/helpers/groups_helper.rb": [
        1,
        null
      ],
      "/Users/zoekavanagh/Projects/make_my_day_app/app/helpers/sessions_helper.rb": [
        1,
        null
      ],
      "/Users/zoekavanagh/Projects/make_my_day_app/app/helpers/users_helper.rb": [
        1,
        null
      ],
      "/Users/zoekavanagh/Projects/make_my_day_app/app/helpers/welcome_helper.rb": [
        1,
        null
      ],
      "/Users/zoekavanagh/Projects/make_my_day_app/app/controllers/mmd_controller.rb": [
        1,
        1,
        null,
        1,
        null,
        1,
        1,
        null,
        null
      ],
      "/Users/zoekavanagh/Projects/make_my_day_app/app/controllers/application_controller.rb": [
        1,
        1,
        1,
        null,
        1,
        3,
        null,
        null
      ],
      "/Users/zoekavanagh/Projects/make_my_day_app/app/models/api_request.rb": [
        1,
        1,
        1,
        1,
        1,
        1,
        null,
        null
      ],
      "/Users/zoekavanagh/Projects/make_my_day_app/app/models/application_record.rb": [
        1,
        1,
        null
      ],
      "/Users/zoekavanagh/Projects/make_my_day_app/app/controllers/groups_controller.rb": [
        1,
        1,
        1,
        1,
        null,
        null,
        1,
        1,
        1,
        null,
        null,
        1,
        1,
        null,
        null,
        null,
        1,
        null,
        1,
        1,
        null,
        null,
        null
      ],
      "/Users/zoekavanagh/Projects/make_my_day_app/app/models/user.rb": [
        1,
        null,
        1,
        0,
        0,
        0,
        0,
        0,
        0,
        0,
        0,
        null,
        null,
        null
      ],
      "/Users/zoekavanagh/Projects/make_my_day_app/app/models/group.rb": [
        1,
        null
      ],
      "/Users/zoekavanagh/Projects/make_my_day_app/app/controllers/sessions_controller.rb": [
        0,
        0,
        0,
        0,
        0,
        0,
        null,
        0,
        0,
        0,
        0,
        0
      ]
    },
    "timestamp": 1530280436
  }
}
